0.001 ID=  1          Ask           
0.001 ID=  3          Ask           
0.001 ID=  2          Ask           
0.001 ID=  4          Ask           
0.001 ID=  5          Ask           
0.001 ID=  6          Ask           
0.001 ID=  7          Ask           
0.001 ID=  8          Ask           
0.001 ID=  9          Ask           
0.001 ID= 10          Ask           
0.001 ID= 11          Ask           
0.001 ID= 12          Ask           
0.001 ID= 13          Ask           
0.001 ID= 14          Ask           
0.002 ID= 15          Ask           
0.002 ID= 16          Ask           
0.002 ID= 17          Ask           
0.002 ID= 18          Ask           
0.002 ID= 19          Ask           
0.002 ID= 20          Ask           
0.002 ID= 21          Ask           
0.002 ID= 22          Ask           
0.002 ID= 23          Ask           
0.002 ID= 24          Ask           
0.002 ID= 25          Ask           
0.002 ID= 26          Ask           
0.002 ID= 27          Ask           
0.002 ID= 28          Ask           
0.002 ID= 29          Ask           
0.002 ID= 30          Ask           
0.002 ID= 31          Ask           
0.002 ID= 32          Ask           
0.003 ID= 33          Ask           
0.003 ID= 34          Ask           
0.003 ID= 35          Ask           
0.003 ID= 36          Ask           
0.003 ID= 37          Ask           
0.003 ID= 38          Ask           
0.003 ID= 39          Ask           
0.003 ID= 40          Ask           
0.003 ID= 42          Ask           
0.003 ID= 41          Ask           
0.003 ID= 43          Ask           
0.003 ID= 44          Ask           
0.003 ID= 45          Ask           
0.003 ID= 46          Ask           
0.003 ID= 47          Ask           
0.003 ID= 48          Ask           
0.003 ID= 49          Ask           
0.004 ID= 50          Ask           
0.004 ID= 51          Ask           
0.004 ID= 52          Ask           
0.004 ID= 53          Ask           
0.004 ID= 54          Ask           
0.004 ID= 55          Ask           
0.004 ID= 56          Ask           
0.004 ID= 57          Ask           
0.004 ID= 58          Ask           
0.004 ID= 59          Ask           
0.004 ID= 60          Ask           
0.004 ID= 61          Ask           
0.004 ID= 62          Ask           
0.004 ID= 63          Ask           
0.004 ID= 64          Ask           
0.004 ID= 65          Ask           
0.004 ID= 66          Ask           
0.004 ID= 67          Ask           
0.005 ID= 68          Ask           
0.005 ID= 69          Ask           
0.005 ID= 70          Ask           
0.005 ID= 71          Ask           
0.005 ID= 72          Ask           
0.005 ID= 73          Ask           
0.005 ID= 74          Ask           
0.005 ID= 75          Ask           
0.005 ID= 76          Ask           
0.005 ID= 77          Ask           
0.005 ID= 78          Ask           
0.005 ID= 79          Ask           
0.005 ID= 80          Ask           
0.005 ID= 81          Ask           
0.005 ID= 82          Ask           
0.005 ID= 83          Ask           
0.005 ID= 84          Ask           
0.006 ID= 85          Ask           
0.006 ID= 86          Ask           
0.006 ID= 87          Ask           
0.006 ID= 88          Ask           
0.006 ID= 89          Ask           
0.006 ID= 90          Ask           
0.006 ID= 91          Ask           
0.006 ID= 92          Ask           
0.006 ID= 93          Ask           
0.006 ID= 94          Ask           
0.006 ID= 95          Ask           
0.006 ID= 96          Ask           
0.006 ID= 97          Ask           
0.006 ID= 98          Ask           
0.006 ID= 99          Ask           
0.006 ID=100          Ask           
0.006 ID=  0     Q= 1 Work         4
0.006 ID=  0     Q= 2 Work         2
0.006 ID=  1     Q= 1 Receive      4
0.006 ID=  0     Q= 2 Work         1
0.006 ID=  0     Q= 3 Work         1
0.006 ID=  4     Q= 2 Receive      2
0.006 ID=  3     Q= 1 Receive      1
0.006 ID=  2     Q= 0 Receive      1
0.007 ID=  3          Complete     1
0.007 ID=  3          Ask           
0.007 ID=  2          Complete     1
0.007 ID=  0          Sleep        9
0.007 ID=  2          Ask           
0.008 ID=  4          Complete     2
0.008 ID=  4          Ask           
0.010 ID=  1          Complete     4
0.010 ID=  1          Ask           
0.097 ID=  0     Q= 1 Work         5
0.097 ID=  0          Sleep        1
0.097 ID=  5     Q= 0 Receive      5
0.107 ID=  0     Q= 1 Work         1
0.107 ID=  0     Q= 2 Work         1
0.107 ID=  0     Q= 3 Work         1
0.107 ID=  6     Q= 3 Receive      1
0.107 ID=  9     Q= 2 Receive      1
0.108 ID=  8     Q= 1 Receive      1
0.112 ID=  8          Complete     1
0.112 ID=  8          Ask           
0.112 ID=  9          Complete     1
0.112 ID=  9          Ask           
0.112 ID=  6          Complete     1
0.112 ID=  6          Ask           
0.119 ID=  5          Complete     5
0.119 ID=  5          Ask           
Summary:
    Work	 12
    Ask		 12
    Receive	 12
    Complete	 12
    Sleep	 12
    Thread	 1	  3
    Thread	 2	  3
    Thread	 3	  3
    Thread	 4	  3
    Thread	 5	  3
    Thread	 6	  3
    Thread	 7	  3
    Thread	 8	  3
    Thread	 9	  3
    Thread	10	  3
    Thread	11	  3
    Thread	12	  3
    Thread	13	  3
    Thread	14	  3
    Thread	15	  3
    Thread	16	  3
    Thread	17	  3
    Thread	18	  3
    Thread	19	  3
    Thread	20	  3
    Thread	21	  3
    Thread	22	  3
    Thread	23	  3
    Thread	24	  3
    Thread	25	  3
    Thread	26	  3
    Thread	27	  3
    Thread	28	  3
    Thread	29	  3
    Thread	30	  3
    Thread	31	  3
    Thread	32	  3
    Thread	33	  3
    Thread	34	  3
    Thread	35	  3
    Thread	36	  3
    Thread	37	  3
    Thread	38	  3
    Thread	39	  3
    Thread	40	  3
    Thread	41	  3
    Thread	42	  3
    Thread	43	  3
    Thread	44	  3
    Thread	45	  3
    Thread	46	  3
    Thread	47	  3
    Thread	48	  3
    Thread	49	  3
    Thread	50	  3
    Thread	51	  3
    Thread	52	  3
    Thread	53	  3
    Thread	54	  3
    Thread	55	  3
    Thread	56	  3
    Thread	57	  3
    Thread	58	  3
    Thread	59	  3
    Thread	60	  3
    Thread	61	  3
    Thread	62	  3
    Thread	63	  3
    Thread	64	  3
    Thread	65	  3
    Thread	66	  3
    Thread	67	  3
    Thread	68	  3
    Thread	69	  3
    Thread	70	  3
    Thread	71	  3
    Thread	72	  3
    Thread	73	  3
    Thread	74	  3
    Thread	75	  3
    Thread	76	  3
    Thread	77	  3
    Thread	78	  3
    Thread	79	  3
    Thread	80	  3
    Thread	81	  3
    Thread	82	  3
    Thread	83	  3
    Thread	84	  3
    Thread	85	  3
    Thread	86	  3
    Thread	87	  3
    Thread	88	  3
    Thread	89	  3
    Thread	90	  3
    Thread	91	  3
    Thread	92	  3
    Thread	93	  3
    Thread	94	  3
    Thread	95	  3
    Thread	96	  3
    Thread	97	  3
    Thread	98	  3
    Thread	99	  3
    Thread	100	  3
Transaction per second: 	0.23
