0.001 ID=  1          Ask           
0.001 ID=  2          Ask           
0.001 ID=  0     Q= 1 Work         4
0.001 ID=  0     Q= 2 Work         2
0.001 ID=  0     Q= 3 Work         1
0.001 ID=  0     Q= 4 Work         1
0.001 ID=  0          Sleep        9
0.001 ID=  2     Q= 3 Receive      4
0.001 ID=  1     Q= 2 Receive      2
0.007 ID=  1          Complete     2
0.007 ID=  1          Ask           
0.007 ID=  1     Q= 1 Receive      1
0.008 ID=  1          Complete     1
0.008 ID=  1          Ask           
0.008 ID=  1     Q= 0 Receive      1
0.008 ID=  1          Complete     1
0.008 ID=  1          Ask           
0.008 ID=  2          Complete     4
0.008 ID=  2          Ask           
0.091 ID=  0     Q= 1 Work         5
0.091 ID=  0          Sleep        1
0.091 ID=  1     Q= 0 Receive      5
0.101 ID=  0     Q= 1 Work         1
0.102 ID=  0     Q= 2 Work         1
0.102 ID=  0     Q= 3 Work         1
0.102 ID=  2     Q= 3 Receive      1
0.106 ID=  2          Complete     1
0.106 ID=  2          Ask           
0.106 ID=  2     Q= 3 Receive      1
0.110 ID=  2          Complete     1
0.110 ID=  2          Ask           
0.110 ID=  2     Q= 2 Receive      1
0.113 ID=  1          Complete     5
0.113 ID=  1          Ask           
0.115 ID=  2          Complete     1
0.115 ID=  2          Ask           
Summary:
    Work	 12
    Ask		 12
    Receive	 12
    Complete	 12
    Sleep	 12
    Thread	 1	  3
    Thread	 2	  3
Transaction per second: 	0.23
